<?xml version="1.0" encoding="UTF-8" ?>
<testsuite tests="1" failures="1" name="org.hcl.tests.YatraTest" time="23.193" errors="0" skipped="0">
  <properties>
    <property name="jansi.mode" value="force"/>
    <property name="java.runtime.name" value="OpenJDK Runtime Environment"/>
    <property name="java.vm.version" value="17.0.1+12-39"/>
    <property name="sun.boot.library.path" value="C:\Users\chandrashekhar_pande\Automation\openjdk-17.0.1_windows-x64_bin\jdk-17.0.1\bin"/>
    <property name="maven.multiModuleProjectDirectory" value="C:\Users\chandrashekhar_pande\eclipse-workspace\seleniumtrng"/>
    <property name="java.vm.vendor" value="Oracle Corporation"/>
    <property name="java.vendor.url" value="https://java.oracle.com/"/>
    <property name="guice.disable.misplaced.annotation.check" value="true"/>
    <property name="path.separator" value=";"/>
    <property name="java.vm.name" value="OpenJDK 64-Bit Server VM"/>
    <property name="sun.os.patch.level" value=""/>
    <property name="user.script" value=""/>
    <property name="user.country" value="US"/>
    <property name="sun.java.launcher" value="SUN_STANDARD"/>
    <property name="java.vm.specification.name" value="Java Virtual Machine Specification"/>
    <property name="user.dir" value="C:\Users\chandrashekhar_pande\eclipse-workspace\seleniumtrng"/>
    <property name="java.vm.compressedOopsMode" value="Zero based"/>
    <property name="java.runtime.version" value="17.0.1+12-39"/>
    <property name="os.arch" value="amd64"/>
    <property name="java.io.tmpdir" value="C:\Users\CHANDR~1\AppData\Local\Temp\"/>
    <property name="line.separator" value="
"/>
    <property name="java.vm.specification.vendor" value="Oracle Corporation"/>
    <property name="user.variant" value=""/>
    <property name="os.name" value="Windows 10"/>
    <property name="classworlds.conf" value="C:\Users\chandrashekhar_pande\eclipse-workspace\.metadata\.plugins\org.eclipse.m2e.launching\launches\m2conf2383111508784159858.tmp"/>
    <property name="sun.jnu.encoding" value="Cp1252"/>
    <property name="java.library.path" value="C:\Users\chandrashekhar_pande\Automation\openjdk-17.0.1_windows-x64_bin\jdk-17.0.1\bin;C:\WINDOWS\Sun\Java\bin;C:\WINDOWS\system32;C:\WINDOWS;C:/Users/chandrashekhar_pande/Automation/eclipse/eclipse-java-2023-03-R-win32-x86_64 (2)/eclipse//plugins/org.eclipse.justj.openjdk.hotspot.jre.full.win32.x86_64_17.0.6.v20230204-1729/jre/bin/server;C:/Users/chandrashekhar_pande/Automation/eclipse/eclipse-java-2023-03-R-win32-x86_64 (2)/eclipse//plugins/org.eclipse.justj.openjdk.hotspot.jre.full.win32.x86_64_17.0.6.v20230204-1729/jre/bin;C:\Windows\system32;C:\Windows;C:\Windows\System32\Wbem;C:\Windows\System32\WindowsPowerShell\v1.0\;C:\Windows\System32\OpenSSH\;C:\Windows\CCM;C:\Users\chandrashekhar_pande\AppData\Local\Microsoft\WindowsApps;C:\Program Files\TestProject Agent;C:\Users\chandrashekhar_pande\AppData\Local\Programs\Microsoft VS Code\bin;C:\Users\chandrashekhar_pande\AppData\Roaming\npm;%JAVA_HOME%\bin;C:\Program Files\Git\cmd;C:\Program Files\nodejs\;C:\WINDOWS\system32;C:\WINDOWS;C:\WINDOWS\System32\Wbem;C:\WINDOWS\System32\WindowsPowerShell\v1.0\;C:\WINDOWS\System32\OpenSSH\;C:\Windows\system32;C:\Windows;C:\Windows\System32\Wbem;C:\Windows\System32\WindowsPowerShell\v1.0\;C:\Windows\System32\OpenSSH\;C:\Windows\CCM;C:\Users\chandrashekhar_pande\AppData\Local\Microsoft\WindowsApps;C:\Program Files\TestProject Agent;C:\Users\chandrashekhar_pande\AppData\Local\Programs\Microsoft VS Code\bin;C:\Users\chandrashekhar_pande\AppData\Roaming\npm;C:\Users\chandrashekhar_pande\Automation\openjdk-17.0.1_windows-x64_bin\jdk-17.0.1\bin;C:\Program Files\Git\cmd;C:\Program Files\nodejs\;C:\WINDOWS\system32;C:\WINDOWS;C:\WINDOWS\System32\Wbem;C:\WINDOWS\System32\WindowsPowerShell\v1.0\;C:\WINDOWS\System32\OpenSSH\;C:\Windows\system32;C:\Windows;C:\Windows\System32\Wbem;C:\Windows\System32\WindowsPowerShell\v1.0\;C:\Windows\System32\OpenSSH\;C:\Windows\CCM;C:\Users\chandrashekhar_pande\AppData\Local\Microsoft\WindowsApps;C:\Program Files\TestProject Agent;C:\Users\chandrashekhar_pande\AppData\Local\Programs\Microsoft VS Code\bin;C:\Users\chandrashekhar_pande\AppData\Roaming\npm;C:\Users\chandrashekhar_pande\Automation\openjdk-17.0.1_windows-x64_bin\jdk-17.0.1\bin;C:;C:\Users\chandrashekhar_pande\Automation\apache-maven-3.9.0-bin\apache-maven-3.9.0\bin;;C:\Users\chandrashekhar_pande\Automation\eclipse\eclipse-java-2023-03-R-win32-x86_64 (2)\eclipse;;."/>
    <property name="jdk.debug" value="release"/>
    <property name="java.class.version" value="61.0"/>
    <property name="java.specification.name" value="Java Platform API Specification"/>
    <property name="sun.management.compiler" value="HotSpot 64-Bit Tiered Compilers"/>
    <property name="os.version" value="10.0"/>
    <property name="user.home" value="C:\Users\chandrashekhar_pande"/>
    <property name="user.timezone" value="Asia/Calcutta"/>
    <property name="file.encoding" value="UTF-8"/>
    <property name="java.specification.version" value="17"/>
    <property name="user.name" value="chandrashekhar_pande"/>
    <property name="java.class.path" value="C:\Users\chandrashekhar_pande\Automation\eclipse\eclipse-java-2023-03-R-win32-x86_64 (2)\eclipse\plugins\org.eclipse.m2e.maven.runtime_3.8.701.20230209-1606\jars\plexus-classworlds-2.6.0.jar"/>
    <property name="java.vm.specification.version" value="17"/>
    <property name="sun.arch.data.model" value="64"/>
    <property name="sun.java.command" value="org.codehaus.plexus.classworlds.launcher.Launcher -B -Dstyle.color=always test"/>
    <property name="java.home" value="C:\Users\chandrashekhar_pande\Automation\openjdk-17.0.1_windows-x64_bin\jdk-17.0.1"/>
    <property name="user.language" value="en"/>
    <property name="java.specification.vendor" value="Oracle Corporation"/>
    <property name="java.vm.info" value="mixed mode, sharing"/>
    <property name="java.version" value="17.0.1"/>
    <property name="native.encoding" value="Cp1252"/>
    <property name="java.vendor" value="Oracle Corporation"/>
    <property name="maven.home" value="C:\Users\chandrashekhar_pande\eclipse-workspace\seleniumtrng\EMBEDDED"/>
    <property name="style.color" value="always"/>
    <property name="file.separator" value="\"/>
    <property name="java.version.date" value="2021-10-19"/>
    <property name="java.vendor.url.bug" value="https://bugreport.java.com/bugreport/"/>
    <property name="sun.io.unicode.encoding" value="UnicodeLittle"/>
    <property name="sun.cpu.endian" value="little"/>
    <property name="m2e.build.project.data.socket.port" value="63842"/>
    <property name="sun.cpu.isalist" value="amd64"/>
  </properties>
  <testcase classname="org.hcl.tests.YatraTest" name="testYatra" time="23.193">
    <failure message="expected [Yatra.com | Pune to Delhi flights] but found [Yatra.com | Qachas Nek to Delhi flights]" type="java.lang.AssertionError">java.lang.AssertionError: expected [Yatra.com | Pune to Delhi flights] but found [Yatra.com | Qachas Nek to Delhi flights]
	at org.testng.Assert.fail(Assert.java:111)
	at org.testng.Assert.failNotEquals(Assert.java:1578)
	at org.testng.Assert.assertEqualsImpl(Assert.java:150)
	at org.testng.Assert.assertEquals(Assert.java:132)
	at org.testng.Assert.assertEquals(Assert.java:656)
	at org.testng.Assert.assertEquals(Assert.java:666)
	at org.hcl.tests.YatraTest.testYatra(YatraTest.java:53)
</failure>
    <system-out>Configuring TestNG with: org.apache.maven.surefire.testng.conf.TestNG652Configurator@2d6e8792
</system-out>
    <system-err>SLF4J: Failed to load class &quot;org.slf4j.impl.StaticLoggerBinder&quot;.
SLF4J: Defaulting to no-operation (NOP) logger implementation
SLF4J: See http://www.slf4j.org/codes.html#StaticLoggerBinder for further details.
Jul 05, 2023 9:31:38 PM org.openqa.selenium.remote.service.DriverService$Builder getLogOutput
INFO: Driver logs no longer sent to console by default; https://www.selenium.dev/documentation/webdriver/drivers/service/#setting-log-output
</system-err>
  </testcase>
</testsuite>