<?xml version="1.0" encoding="UTF-8"?>
<!-- Generated by org.testng.reporters.JUnitReportReporter -->
<testsuite hostname="DESKTOP-HHETJE2" failures="0" tests="1" name="org.hcl.tests.YatraTest" time="25.368" errors="0" timestamp="2023-07-06T04:24:41 IST" skipped="0">
  <testcase classname="org.hcl.tests.YatraTest" name="testYatra" time="25.368"/>
  <system-out/>
</testsuite> <!-- org.hcl.tests.YatraTest -->
