<?xml version="1.0" encoding="UTF-8"?>
<!-- Generated by org.testng.reporters.JUnitReportReporter -->
<testsuite hostname="DESKTOP-HHETJE2" failures="0" tests="1" name="org.hcl.tests.PagefactorySwagTest" time="8.701" errors="0" timestamp="2023-07-14T09:10:03 IST" skipped="0">
  <testcase classname="org.hcl.tests.PagefactorySwagTest" name="verifyPagefactory" time="8.701"/>
</testsuite> <!-- org.hcl.tests.PagefactorySwagTest -->
