<?xml version="1.0" encoding="UTF-8"?>
<!-- Generated by org.testng.reporters.JUnitReportReporter -->
<testsuite hostname="LP-214844616" failures="0" tests="1" name="org.hcl.tests.MyntraTest" time="40.601" errors="0" timestamp="2023-07-10T16:18:28 IST" skipped="0">
  <testcase classname="org.hcl.tests.MyntraTest" name="testMyntra" time="40.601"/>
  <system-out/>
</testsuite> <!-- org.hcl.tests.MyntraTest -->
