<?xml version="1.0" encoding="UTF-8"?>
<!-- Generated by org.testng.reporters.JUnitReportReporter -->
<testsuite hostname="DESKTOP-HHETJE2" failures="0" tests="1" name="org.hcl.tests.MakeMyTripTest" time="11.603" errors="0" timestamp="2023-07-06T12:05:17 IST" skipped="0">
  <testcase classname="org.hcl.tests.MakeMyTripTest" name="testMakeMyTrip" time="11.603"/>
</testsuite> <!-- org.hcl.tests.MakeMyTripTest -->
