<?xml version="1.0" encoding="UTF-8"?>
<!-- Generated by org.testng.reporters.JUnitReportReporter -->
<testsuite hostname="DESKTOP-HHETJE2" failures="0" tests="2" name="org.hcl.tests.AmazonTest" time="32.862" errors="0" timestamp="2023-07-13T11:36:50 IST" skipped="1">
  <testcase classname="org.hcl.tests.AmazonTest" name="validateText" time="32.862"/>
  <testcase classname="org.hcl.tests.AmazonTest" name="selectAnyOptionFromList">
    <skipped/>
  </testcase> <!-- selectAnyOptionFromList -->
</testsuite> <!-- org.hcl.tests.AmazonTest -->
