<?xml version="1.0" encoding="UTF-8"?>
<!-- Generated by org.testng.reporters.JUnitReportReporter -->
<testsuite hostname="DESKTOP-HHETJE2" failures="0" tests="1" name="org.hcl.tests.MakeMyTripTest" time="11.462" errors="0" timestamp="2023-07-06T05:16:49 IST" skipped="0">
  <testcase classname="org.hcl.tests.MakeMyTripTest" name="testMakeMyTrip" time="11.462"/>
  <system-out/>
</testsuite> <!-- org.hcl.tests.MakeMyTripTest -->
