<?xml version="1.0" encoding="UTF-8"?>
<!-- Generated by org.testng.reporters.JUnitReportReporter -->
<testsuite hostname="LP-214844616" failures="0" tests="1" name="org.hcl.tests.DropdownMenuCheckboxeRadioButtonTest" time="12.577" errors="0" timestamp="2023-07-12T15:00:32 IST" skipped="0">
  <testcase classname="org.hcl.tests.DropdownMenuCheckboxeRadioButtonTest" name="radioButton" time="12.577"/>
  <system-out/>
</testsuite> <!-- org.hcl.tests.DropdownMenuCheckboxeRadioButtonTest -->
