<?xml version="1.0" encoding="UTF-8"?>
<!-- Generated by org.testng.reporters.JUnitReportReporter -->
<testsuite hostname="LP-214844616" failures="0" tests="4" name="org.hcl.tests.TestNGIU" time="0.017" errors="0" timestamp="2023-07-06T16:48:33 IST" skipped="0">
  <testcase classname="org.hcl.tests.TestNGIU" name="M4" time="0.003"/>
  <system-out/>
  <testcase classname="org.hcl.tests.TestNGIU" name="A2" time="0.011"/>
  <system-out/>
  <testcase classname="org.hcl.tests.TestNGIU" name="M3" time="0.002"/>
  <system-out/>
  <testcase classname="org.hcl.tests.TestNGIU" name="M1" time="0.001"/>
  <system-out/>
</testsuite> <!-- org.hcl.tests.TestNGIU -->
