<?xml version="1.0" encoding="UTF-8"?>
<!-- Generated by org.testng.reporters.JUnitReportReporter -->
<testsuite hostname="LP-214844616" failures="0" tests="2" name="org.hcl.tests.SSLTest" time="23.739" errors="0" timestamp="2023-07-11T12:23:15 IST" skipped="0">
  <testcase classname="org.hcl.tests.SSLTest" name="verifySSL" time="12.136"/>
  <system-out/>
  <testcase classname="org.hcl.tests.SSLTest" name="verifySSL" time="11.603"/>
  <system-out/>
</testsuite> <!-- org.hcl.tests.SSLTest -->
