<?xml version="1.0" encoding="UTF-8"?>
<!-- Generated by org.testng.reporters.JUnitReportReporter -->
<testsuite hostname="DESKTOP-HHETJE2" failures="0" tests="1" name="org.hcl.tests.MakeMyTrip" time="7.587" errors="0" timestamp="2023-07-06T04:46:48 IST" skipped="0">
  <testcase classname="org.hcl.tests.MakeMyTrip" name="testMakeMyTrip" time="7.587"/>
  <system-out/>
</testsuite> <!-- org.hcl.tests.MakeMyTrip -->
