<?xml version="1.0" encoding="UTF-8"?>
<!-- Generated by org.testng.reporters.JUnitReportReporter -->
<testsuite hostname="LP-214844616" failures="0" tests="1" name="org.hcl.tests.YatraTest" time="30.862" errors="0" timestamp="2023-07-07T16:41:36 IST" skipped="0">
  <testcase classname="org.hcl.tests.YatraTest" name="testYatra" time="30.862"/>
  <system-out/>
</testsuite> <!-- org.hcl.tests.YatraTest -->
