<?xml version="1.0" encoding="UTF-8"?>
<!-- Generated by org.testng.reporters.JUnitReportReporter -->
<testsuite hostname="LP-214844616" failures="0" tests="1" name="org.hcl.tests.MakeMyTrip" time="13.855" errors="0" timestamp="2023-07-05T19:18:32 IST" skipped="0">
  <testcase classname="org.hcl.tests.MakeMyTrip" name="testMakeMyTrip" time="13.855"/>
  <system-out/>
</testsuite> <!-- org.hcl.tests.MakeMyTrip -->
