<?xml version="1.0" encoding="UTF-8"?>
<!-- Generated by org.testng.reporters.JUnitReportReporter -->
<testsuite hostname="DESKTOP-HHETJE2" failures="0" tests="1" name="org.hcl.tests.EbayTest" time="23.628" errors="0" timestamp="2023-07-13T13:52:17 IST" skipped="0">
  <testcase classname="org.hcl.tests.EbayTest" name="verifyAllItemsInPage" time="23.628"/>
</testsuite> <!-- org.hcl.tests.EbayTest -->
