<?xml version="1.0" encoding="UTF-8"?>
<!-- Generated by org.testng.reporters.JUnitReportReporter -->
<testsuite hostname="LP-214844616" failures="0" tests="1" name="org.hcl.tests.CheckboxeRadioButtonTest" time="19.647" errors="0" timestamp="2023-07-12T15:01:48 IST" skipped="0">
  <testcase classname="org.hcl.tests.CheckboxeRadioButtonTest" name="radioButton" time="19.647"/>
  <system-out/>
</testsuite> <!-- org.hcl.tests.CheckboxeRadioButtonTest -->
