<?xml version="1.0" encoding="UTF-8"?>
<!-- Generated by org.testng.reporters.JUnitReportReporter -->
<testsuite hostname="LP-214844616" failures="0" tests="1" name="org.hcl.tests.AmazonTest" time="17.146" errors="0" timestamp="2023-07-12T13:49:01 IST" skipped="0">
  <testcase classname="org.hcl.tests.AmazonTest" name="selectAnyOptionFromList" time="17.146"/>
  <system-out/>
</testsuite> <!-- org.hcl.tests.AmazonTest -->
