<?xml version="1.0" encoding="UTF-8"?>
<!-- Generated by org.testng.reporters.JUnitReportReporter -->
<testsuite hostname="LP-214844616" failures="0" tests="1" name="org.hcl.tests.Google" time="76.819" errors="0" timestamp="2023-07-06T15:55:48 IST" skipped="0">
  <testcase classname="org.hcl.tests.Google" name="test" time="76.819"/>
  <system-out/>
</testsuite> <!-- org.hcl.tests.Google -->
