<?xml version="1.0" encoding="UTF-8"?>
<!-- Generated by org.testng.reporters.JUnitReportReporter -->
<testsuite hostname="LP-214844616" failures="0" tests="1" name="org.hcl.tests.MakeMyTripTest" time="27.243" errors="0" timestamp="2023-07-07T16:42:21 IST" skipped="0">
  <testcase classname="org.hcl.tests.MakeMyTripTest" name="testMakeMyTrip" time="27.243"/>
  <system-out/>
</testsuite> <!-- org.hcl.tests.MakeMyTripTest -->
