<?xml version="1.0" encoding="UTF-8"?>
<!-- Generated by org.testng.reporters.JUnitReportReporter -->
<testsuite hostname="LP-214844616" failures="0" tests="2" name="org.hcl.tests.CalenderTest" time="43.486" errors="0" timestamp="2023-07-12T13:12:33 IST" skipped="0">
  <testcase classname="org.hcl.tests.CalenderTest" name="verfiySelctionDynanicdate" time="24.736"/>
  <system-out/>
  <testcase classname="org.hcl.tests.CalenderTest" name="verfiySelctionCurrentdate" time="18.750"/>
  <system-out/>
</testsuite> <!-- org.hcl.tests.CalenderTest -->
