<?xml version="1.0" encoding="UTF-8"?>
<!-- Generated by org.testng.reporters.JUnitReportReporter -->
<testsuite hostname="LP-214844616" failures="0" tests="3" name="org.hcl.tests.AmazonAndOtherMiscTest" time="85.742" errors="0" timestamp="2023-07-13T19:49:44 IST" skipped="0">
  <testcase classname="org.hcl.tests.AmazonAndOtherMiscTest" name="validateText" time="23.991"/>
  <system-out/>
  <testcase classname="org.hcl.tests.AmazonAndOtherMiscTest" name="selectAnyOptionFromList" time="28.716"/>
  <system-out/>
  <testcase classname="org.hcl.tests.AmazonAndOtherMiscTest" name="multipleWindowCloseByClose" time="33.035"/>
  <system-out/>
</testsuite> <!-- org.hcl.tests.AmazonAndOtherMiscTest -->
